In file included from ../lib/kerberos.cc:1:
../lib/kerberos.h:5:27: warning: gssapi/gssapi.h: No such file or directory
../lib/kerberos.h:6:35: warning: gssapi/gssapi_generic.h: No such file or directory
../lib/kerberos.h:7:32: warning: gssapi/gssapi_krb5.h: No such file or directory
In file included from ../lib/kerberos.h:14,
                 from ../lib/kerberos.cc:1:
../lib/kerberosgss.h:39: error: 'gss_ctx_id_t' does not name a type
../lib/kerberosgss.h:40: error: 'gss_name_t' does not name a type
../lib/kerberosgss.h:47: error: 'gss_ctx_id_t' does not name a type
../lib/kerberosgss.h:48: error: 'gss_name_t' does not name a type
../lib/kerberosgss.h:49: error: 'gss_name_t' does not name a type
../lib/kerberosgss.h:50: error: 'gss_cred_id_t' does not name a type
../lib/kerberosgss.h:51: error: 'gss_cred_id_t' does not name a type
../lib/kerberosgss.h:69: error: 'OM_uint32' was not declared in this scope
../lib/kerberosgss.h:69: error: 'OM_uint32' was not declared in this scope
../lib/kerberosgss.h:69: error: initializer expression list treated as compound expression
../lib/kerberos.cc: In function 'void _authGSSClientInit(Worker*)':
../lib/kerberos.cc:105: error: 'TRUE' was not declared in this scope
../lib/kerberos.cc: In function 'void _authGSSClientStep(Worker*)':
../lib/kerberos.cc:189: error: 'TRUE' was not declared in this scope
../lib/kerberos.cc: In function 'void _authGSSClientUnwrap(Worker*)':
../lib/kerberos.cc:281: error: 'TRUE' was not declared in this scope
../lib/kerberos.cc: In function 'void _authGSSClientWrap(Worker*)':
../lib/kerberos.cc:374: error: 'TRUE' was not declared in this scope
../lib/kerberos.cc: In function 'void _authGSSClientClean(Worker*)':
../lib/kerberos.cc:471: error: 'TRUE' was not declared in this scope
make: *** [Release/obj.target/kerberos/lib/kerberos.o] Error 1
gyp ERR! build error 
gyp ERR! stack Error: `make` failed with exit code: 2
gyp ERR! stack     at ChildProcess.onExit (/usr/local/lib/node_modules/npm/node_modules/node-gyp/lib/build.js:267:23)
gyp ERR! stack     at ChildProcess.emit (events.js:98:17)
gyp ERR! stack     at Process.ChildProcess._handle.onexit (child_process.js:810:12)
gyp ERR! System Linux 2.6.25.5-1.1-pae
gyp ERR! command "node" "/usr/local/lib/node_modules/npm/node_modules/node-gyp/bin/node-gyp.js" "rebuild"
gyp ERR! cwd /srv/www/cgi-bin/Memel/4.0/ssjs/node_modules/mongodb/node_modules/mongodb-core/node_modules/kerberos
gyp ERR! node -v v0.10.32
gyp ERR! node-gyp -v v1.0.1
gyp ERR! not ok 
